d:\mecanicarepo\mecanica01\x64\debug\int\vc141.pdb
d:\mecanicarepo\mecanica01\x64\debug\int\vc141.idb
d:\mecanicarepo\mecanica01\x64\debug\int\imgui.obj
d:\mecanicarepo\mecanica01\x64\debug\int\imgui_demo.obj
d:\mecanicarepo\mecanica01\x64\debug\int\imgui_draw.obj
d:\mecanicarepo\mecanica01\x64\debug\int\imgui_impl_sdl_gl3.obj
d:\mecanicarepo\mecanica01\x64\debug\int\main.obj
d:\mecanicarepo\mecanica01\x64\debug\int\physics.obj
d:\mecanicarepo\mecanica01\x64\debug\int\render.obj
d:\mecanicarepo\mecanica01\x64\debug\int\render_prims.obj
d:\mecanicarepo\mecanica01\x64\debug\gl_framework.lib
d:\mecanicarepo\mecanica01\x64\debug\gl_framework.exp
d:\mecanicarepo\mecanica01\x64\debug\gl_framework.exe
d:\mecanicarepo\mecanica01\x64\debug\gl_framework.ilk
d:\mecanicarepo\mecanica01\x64\debug\gl_framework.pdb
d:\mecanicarepo\mecanica01\x64\debug\int\gl_framework.tlog\cl.command.1.tlog
d:\mecanicarepo\mecanica01\x64\debug\int\gl_framework.tlog\cl.read.1.tlog
d:\mecanicarepo\mecanica01\x64\debug\int\gl_framework.tlog\cl.write.1.tlog
d:\mecanicarepo\mecanica01\x64\debug\int\gl_framework.tlog\gl_framework.write.1u.tlog
d:\mecanicarepo\mecanica01\x64\debug\int\gl_framework.tlog\link.command.1.tlog
d:\mecanicarepo\mecanica01\x64\debug\int\gl_framework.tlog\link.read.1.tlog
d:\mecanicarepo\mecanica01\x64\debug\int\gl_framework.tlog\link.write.1.tlog
